{"/home/kamil/Pulpit/Testowanie/TiJO_9/app/app.js":{"path":"/home/kamil/Pulpit/Testowanie/TiJO_9/app/app.js","s":{"1":1,"2":2,"3":1,"4":1,"5":1,"6":1,"7":4,"8":3,"9":1,"10":1},"b":{"1":[1,0],"2":[3,1],"3":[4,3,2,1,1,1]},"f":{"1":2,"2":4},"fnMap":{"1":{"name":"isPrime","line":1,"loc":{"start":{"line":1,"column":0},"end":{"line":2,"column":0}}},"2":{"name":"areaOfTrapezoid","line":11,"loc":{"start":{"line":11,"column":0},"end":{"line":12,"column":0}}}},"statementMap":{"1":{"start":{"line":1,"column":0},"end":{"line":9,"column":1}},"2":{"start":{"line":3,"column":4},"end":{"line":7,"column":5}},"3":{"start":{"line":4,"column":8},"end":{"line":6,"column":9}},"4":{"start":{"line":5,"column":12},"end":{"line":5,"column":25}},"5":{"start":{"line":8,"column":4},"end":{"line":8,"column":21}},"6":{"start":{"line":11,"column":0},"end":{"line":17,"column":1}},"7":{"start":{"line":13,"column":4},"end":{"line":15,"column":5}},"8":{"start":{"line":14,"column":8},"end":{"line":14,"column":21}},"9":{"start":{"line":16,"column":4},"end":{"line":16,"column":29}},"10":{"start":{"line":18,"column":0},"end":{"line":21,"column":2}}},"branchMap":{"1":{"line":4,"type":"if","locations":[{"start":{"line":4,"column":8},"end":{"line":4,"column":8}},{"start":{"line":4,"column":8},"end":{"line":4,"column":8}}]},"2":{"line":13,"type":"if","locations":[{"start":{"line":13,"column":4},"end":{"line":13,"column":4}},{"start":{"line":13,"column":4},"end":{"line":13,"column":4}}]},"3":{"line":13,"type":"binary-expr","locations":[{"start":{"line":13,"column":8},"end":{"line":13,"column":13}},{"start":{"line":13,"column":17},"end":{"line":13,"column":22}},{"start":{"line":13,"column":26},"end":{"line":13,"column":31}},{"start":{"line":13,"column":35},"end":{"line":13,"column":56}},{"start":{"line":13,"column":60},"end":{"line":13,"column":81}},{"start":{"line":13,"column":85},"end":{"line":13,"column":106}}]}}}}